build/app/intermediates/manifest_merge_blame_file/debug/manifest-merger-blame-debug-report.txt
1<?xml version="1.0" encoding="utf-8"?>
2<manifest xmlns:android="http://schemas.android.com/apk/res/android"
3    package="com.int2.ecommerce_int2"
4    android:versionCode="2"
5    android:versionName="1.0.1" >
6
7    <uses-sdk
8        android:minSdkVersion="16"
9        android:targetSdkVersion="28" />
10    <!--
11         Flutter needs it to communicate with the running application
12         to allow setting breakpoints, to provide hot reload, etc.
13    -->
14    <uses-permission android:name="android.permission.INTERNET" />
14-->src\main\AndroidManifest.xml:9:5-67
14-->src\main\AndroidManifest.xml:9:22-64
15
16    <application
16-->src\main\AndroidManifest.xml:10:5-32:19
17        android:appComponentFactory="androidx.core.app.CoreComponentFactory"
17-->[androidx.core:core:1.6.0] AndroidManifest.xml:24:18-86
18        android:debuggable="true"
19        android:icon="@mipmap/launcher_icon"
19-->src\main\AndroidManifest.xml:12:9-45
20        android:label="Shope" >
20-->src\main\AndroidManifest.xml:11:9-30
21        <activity
21-->src\main\AndroidManifest.xml:13:9-31:20
22            android:name="com.int2.ecommerce_int2.MainActivity"
22-->src\main\AndroidManifest.xml:14:13-41
23            android:configChanges="orientation|keyboardHidden|keyboard|screenSize|locale|layoutDirection|fontScale|screenLayout|density|uiMode"
23-->src\main\AndroidManifest.xml:17:13-144
24            android:hardwareAccelerated="true"
24-->src\main\AndroidManifest.xml:18:13-47
25            android:launchMode="singleTop"
25-->src\main\AndroidManifest.xml:15:13-43
26            android:theme="@style/LaunchTheme"
26-->src\main\AndroidManifest.xml:16:13-47
27            android:windowSoftInputMode="adjustResize" >
27-->src\main\AndroidManifest.xml:19:13-55
28
29            <!--
30                 This keeps the window background of the activity showing
31                 until Flutter renders its first frame. It can be removed if
32                 there is no splash screen (such as the default splash screen
33                 defined in @style/LaunchTheme).
34            -->
35            <meta-data
35-->src\main\AndroidManifest.xml:24:13-26:40
36                android:name="io.flutter.app.android.SplashScreenUntilFirstFrame"
36-->src\main\AndroidManifest.xml:25:17-82
37                android:value="true" />
37-->src\main\AndroidManifest.xml:26:17-37
38
39            <intent-filter>
39-->src\main\AndroidManifest.xml:27:13-30:29
40                <action android:name="android.intent.action.MAIN" />
40-->src\main\AndroidManifest.xml:28:17-68
40-->src\main\AndroidManifest.xml:28:25-66
41
42                <category android:name="android.intent.category.LAUNCHER" />
42-->src\main\AndroidManifest.xml:29:17-76
42-->src\main\AndroidManifest.xml:29:27-74
43            </intent-filter>
44        </activity>
45    </application>
46
47</manifest>